Arguments: 
  C:\Program Files\nodejs\node.exe C:\Users\crumm\AppData\Roaming\npm\node_modules\yarn\bin\yarn.js add jest @types/jest -D

PATH: 
  C:\Windows\system32;C:\Windows;C:\Windows\System32\Wbem;C:\Windows\System32\WindowsPowerShell\v1.0\;C:\Windows\System32\OpenSSH\;C:\Program Files\Microsoft VS Code\bin;C:\Program Files\Git\cmd;C:\Program Files\nodejs\;C:\Users\crumm\AppData\Local\Microsoft\WindowsApps;C:\Users\crumm\AppData\Roaming\npm;C:\Program Files\ffmpeg\bin;

Yarn version: 
  1.22.10

Node version: 
  14.15.5

Platform: 
  win32 x64

Trace: 
  Error: EPERM: operation not permitted, unlink 'C:\Users\crumm\Work\Dev\nps-apirest-node-typescript\node_modules\sqlite3\lib\binding\napi-v3-win32-x64\node_sqlite3.node'

npm manifest: 
  {
    "name": "nps-apirest-node-typescript",
    "version": "1.0.0",
    "description": "",
    "main": "index.js",
    "scripts": {
      "dev": "ts-node-dev --transpile-only --ignore-watch node_modules src/server.ts",
      "typeorm": "ts-node-dev node_modules/typeorm/cli.js"
    },
    "keywords": [],
    "author": "",
    "license": "ISC",
    "dependencies": {
      "express": "^4.17.1",
      "reflect-metadata": "^0.1.13",
      "sqlite3": "^5.0.2",
      "typeorm": "^0.2.31",
      "uuid": "^8.3.2"
    },
    "devDependencies": {
      "@types/express": "^4.17.11",
      "@types/node": "^14.14.31",
      "@types/uuid": "^8.3.0",
      "ts-node-dev": "^1.1.1",
      "typescript": "^4.1.5"
    }
  }

yarn manifest: 
  No manifest

Lockfile: 
  No lockfile
